[1/6] Performing build step for 'bootloader'
[1/1] C:\WINDOWS\system32\cmd.exe /C "cd /D C:\Users\Alpha\esp_work\sram_1\build\bootloader\esp-idf\esptool_py && C:\Espressif\python_env\idf5.4_py3.11_env\Scripts\python.exe C:/Espressif/frameworks/esp-idf-v5.4.1/components/partition_table/check_sizes.py --offset 0x8000 bootloader 0x0 C:/Users/Alpha/esp_work/sram_1/build/bootloader/bootloader.bin"
Bootloader binary size 0x5220 bytes. 0x2de0 bytes (36%) free.
[2/6] No install step for 'bootloader'
[3/6] Completed 'bootloader'
[4/6] Linking CXX executable sram_1.elf
FAILED: sram_1.elf 
C:\WINDOWS\system32\cmd.exe /C "cd . && C:\Espressif\tools\xtensa-esp-elf\esp-14.2.0_20241119\xtensa-esp-elf\bin\xtensa-esp32s3-elf-g++.exe -mlongcalls  -fno-builtin-memcpy -fno-builtin-memset -fno-builtin-bzero -fno-builtin-stpcpy -fno-builtin-strncpy -Wl,--cref -Wl,--defsym=IDF_TARGET_ESP32S3=0 -Wl,--Map=C:/Users/Alpha/esp_work/sram_1/build/sram_1.map -Wl,--no-warn-rwx-segments -Wl,--orphan-handling=warn -fno-rtti -fno-lto -Wl,--gc-sections -Wl,--warn-common -T esp32s3.peripherals.ld -T esp32s3.rom.ld -T esp32s3.rom.api.ld -T esp32s3.rom.bt_funcs.ld -T esp32s3.rom.libgcc.ld -T esp32s3.rom.wdt.ld -T esp32s3.rom.version.ld -T esp32s3.rom.newlib.ld -T memory.ld -T sections.ld @CMakeFiles\sram_1.elf.rsp -o sram_1.elf && cd ."
C:/Espressif/tools/xtensa-esp-elf/esp-14.2.0_20241119/xtensa-esp-elf/bin/../lib/gcc/xtensa-esp-elf/14.2.0/../../../../xtensa-esp-elf/bin/ld.exe: esp-idf/spi_flash/libspi_flash.a(spi_flash_chip_generic.c.obj):C:/Espressif/frameworks/esp-idf-v5.4.1/components/spi_flash/spi_flash_chip_generic.c:52:(.dram1.4+0x0): undefined reference to `spi_flash_encryption_hal_enable'
C:/Espressif/tools/xtensa-esp-elf/esp-14.2.0_20241119/xtensa-esp-elf/bin/../lib/gcc/xtensa-esp-elf/14.2.0/../../../../xtensa-esp-elf/bin/ld.exe: esp-idf/spi_flash/libspi_flash.a(spi_flash_chip_generic.c.obj):(.dram1.4+0x4): undefined reference to `spi_flash_encryption_hal_disable'
C:/Espressif/tools/xtensa-esp-elf/esp-14.2.0_20241119/xtensa-esp-elf/bin/../lib/gcc/xtensa-esp-elf/14.2.0/../../../../xtensa-esp-elf/bin/ld.exe: esp-idf/spi_flash/libspi_flash.a(spi_flash_chip_generic.c.obj):(.dram1.4+0x8): undefined reference to `spi_flash_encryption_hal_prepare'
C:/Espressif/tools/xtensa-esp-elf/esp-14.2.0_20241119/xtensa-esp-elf/bin/../lib/gcc/xtensa-esp-elf/14.2.0/../../../../xtensa-esp-elf/bin/ld.exe: esp-idf/spi_flash/libspi_flash.a(spi_flash_chip_generic.c.obj):(.dram1.4+0xc): undefined reference to `spi_flash_encryption_hal_done'
C:/Espressif/tools/xtensa-esp-elf/esp-14.2.0_20241119/xtensa-esp-elf/bin/../lib/gcc/xtensa-esp-elf/14.2.0/../../../../xtensa-esp-elf/bin/ld.exe: esp-idf/spi_flash/libspi_flash.a(spi_flash_chip_generic.c.obj):(.dram1.4+0x10): undefined reference to `spi_flash_encryption_hal_destroy'
C:/Espressif/tools/xtensa-esp-elf/esp-14.2.0_20241119/xtensa-esp-elf/bin/../lib/gcc/xtensa-esp-elf/14.2.0/../../../../xtensa-esp-elf/bin/ld.exe: esp-idf/spi_flash/libspi_flash.a(spi_flash_chip_generic.c.obj):(.dram1.4+0x14): undefined reference to `spi_flash_encryption_hal_check'
collect2.exe: error: ld returned 1 exit status
ninja: build stopped: subcommand failed.
